<?xml version="1.0" encoding="UTF-8"?>
<testng-results skipped="0" failed="0" ignored="0" total="1" passed="1">
  <reporter-output>
  </reporter-output>
  <suite name="Default suite" duration-ms="150059" started-at="2020-04-29T13:38:47 IST" finished-at="2020-04-29T13:41:17 IST">
    <groups>
    </groups>
    <test name="Default test" duration-ms="150059" started-at="2020-04-29T13:38:47 IST" finished-at="2020-04-29T13:41:17 IST">
      <class name="com.tests.FirstTest">
        <test-method status="PASS" signature="configure()[pri:0, instance:com.tests.FirstTest@7494e528]" name="configure" is-config="true" duration-ms="2822" started-at="2020-04-29T13:38:47 IST" finished-at="2020-04-29T13:38:50 IST">
          <reporter-output>
          </reporter-output>
        </test-method> <!-- configure -->
        <test-method status="PASS" signature="test1()[pri:0, instance:com.tests.FirstTest@7494e528]" name="test1" duration-ms="146004" started-at="2020-04-29T13:38:50 IST" finished-at="2020-04-29T13:41:16 IST">
          <reporter-output>
          </reporter-output>
        </test-method> <!-- test1 -->
        <test-method status="PASS" signature="tearDown()[pri:0, instance:com.tests.FirstTest@7494e528]" name="tearDown" is-config="true" duration-ms="1159" started-at="2020-04-29T13:41:16 IST" finished-at="2020-04-29T13:41:17 IST">
          <reporter-output>
          </reporter-output>
        </test-method> <!-- tearDown -->
      </class> <!-- com.tests.FirstTest -->
    </test> <!-- Default test -->
  </suite> <!-- Default suite -->
</testng-results>
